2025-10-26 18:10:10 INFO  com.policyhub.PolicyHubApplication - Starting PolicyHubApplication using Java 21.0.7 with PID 41948 (C:\Users\2440769\OneDrive - Cognizant\Desktop\InsuranceProject\PolicyHub\target\classes started by 2440769 in C:\Users\2440769\OneDrive - Cognizant\Desktop\InsuranceProject\PolicyHub)
2025-10-26 18:10:10 INFO  com.policyhub.PolicyHubApplication - No active profile set, falling back to 1 default profile: "default"
2025-10-26 18:10:11 INFO  o.s.b.d.e.DevToolsPropertyDefaultsPostProcessor - Devtools property defaults active! Set 'spring.devtools.add-properties' to 'false' to disable
2025-10-26 18:10:11 INFO  o.s.b.d.e.DevToolsPropertyDefaultsPostProcessor - For additional web related logging consider setting the 'logging.level.web' property to 'DEBUG'
2025-10-26 18:10:13 INFO  o.s.d.r.c.RepositoryConfigurationDelegate - Bootstrapping Spring Data JPA repositories in DEFAULT mode.
2025-10-26 18:10:13 INFO  o.s.d.r.c.RepositoryConfigurationDelegate - Finished Spring Data repository scanning in 100 ms. Found 5 JPA repository interfaces.
2025-10-26 18:10:14 INFO  o.s.b.w.e.tomcat.TomcatWebServer - Tomcat initialized with port 8082 (http)
2025-10-26 18:10:14 INFO  o.a.catalina.core.StandardService - Starting service [Tomcat]
2025-10-26 18:10:14 INFO  o.a.catalina.core.StandardEngine - Starting Servlet engine: [Apache Tomcat/10.1.46]
2025-10-26 18:10:15 INFO  o.a.c.c.C.[Tomcat].[localhost].[/] - Initializing Spring embedded WebApplicationContext
2025-10-26 18:10:15 INFO  o.s.b.w.s.c.ServletWebServerApplicationContext - Root WebApplicationContext: initialization completed in 4029 ms
2025-10-26 18:10:15 INFO  o.h.jpa.internal.util.LogHelper - HHH000204: Processing PersistenceUnitInfo [name: default]
2025-10-26 18:10:15 INFO  org.hibernate.Version - HHH000412: Hibernate ORM core version 6.6.29.Final
2025-10-26 18:10:15 INFO  o.h.c.i.RegionFactoryInitiator - HHH000026: Second-level cache disabled
2025-10-26 18:10:16 INFO  o.s.o.j.p.SpringPersistenceUnitInfo - No LoadTimeWeaver setup: ignoring JPA class transformer
2025-10-26 18:10:16 INFO  com.zaxxer.hikari.HikariDataSource - HikariPool-1 - Starting...
2025-10-26 18:10:17 INFO  com.zaxxer.hikari.pool.HikariPool - HikariPool-1 - Added connection com.mysql.cj.jdbc.ConnectionImpl@60688aaf
2025-10-26 18:10:17 INFO  com.zaxxer.hikari.HikariDataSource - HikariPool-1 - Start completed.
2025-10-26 18:10:17 INFO  o.hibernate.orm.connections.pooling - HHH10001005: Database info:
	Database JDBC URL [Connecting through datasource 'HikariDataSource (HikariPool-1)']
	Database driver: undefined/unknown
	Database version: 8.0.43
	Autocommit mode: undefined/unknown
	Isolation level: undefined/unknown
	Minimum pool size: undefined/unknown
	Maximum pool size: undefined/unknown
2025-10-26 18:10:20 INFO  o.h.e.t.j.p.i.JtaPlatformInitiator - HHH000489: No JTA platform available (set 'hibernate.transaction.jta.platform' to enable JTA platform integration)
2025-10-26 18:10:20 INFO  o.s.o.j.LocalContainerEntityManagerFactoryBean - Initialized JPA EntityManagerFactory for persistence unit 'default'
2025-10-26 18:10:21 WARN  o.s.b.a.o.j.JpaBaseConfiguration$JpaWebConfiguration - spring.jpa.open-in-view is enabled by default. Therefore, database queries may be performed during view rendering. Explicitly configure spring.jpa.open-in-view to disable this warning
2025-10-26 18:10:22 INFO  o.s.b.d.a.OptionalLiveReloadServer - LiveReload server is running on port 35729
2025-10-26 18:10:22 INFO  o.s.b.w.e.tomcat.TomcatWebServer - Tomcat started on port 8082 (http) with context path '/'
2025-10-26 18:10:22 INFO  com.policyhub.PolicyHubApplication - Started PolicyHubApplication in 12.515 seconds (process running for 13.888)
2025-10-26 18:10:59 INFO  o.a.c.c.C.[Tomcat].[localhost].[/] - Initializing Spring DispatcherServlet 'dispatcherServlet'
2025-10-26 18:10:59 INFO  o.s.web.servlet.DispatcherServlet - Initializing Servlet 'dispatcherServlet'
2025-10-26 18:10:59 INFO  o.s.web.servlet.DispatcherServlet - Completed initialization in 0 ms
2025-10-26 18:11:00 INFO  c.p.controller.AuthController - Session Created
2025-10-26 18:11:38 INFO  c.p.controller.AuthController - Session closed
2025-10-26 18:11:58 INFO  c.p.controller.AuthController - Session Created
2025-10-26 18:13:10 INFO  c.p.controller.AuthController - Session closed
2025-10-26 18:19:49 INFO  o.s.b.d.a.LocalDevToolsAutoConfiguration$RestartingClassPathChangeChangedEventListener - Restarting due to 3 class path changes (0 additions, 0 deletions, 3 modifications)
2025-10-26 18:19:49 INFO  o.s.b.w.e.tomcat.GracefulShutdown - Commencing graceful shutdown. Waiting for active requests to complete
2025-10-26 18:19:49 INFO  o.s.b.w.e.tomcat.GracefulShutdown - Graceful shutdown complete
2025-10-26 18:19:49 INFO  o.s.o.j.LocalContainerEntityManagerFactoryBean - Closing JPA EntityManagerFactory for persistence unit 'default'
2025-10-26 18:19:49 INFO  com.zaxxer.hikari.HikariDataSource - HikariPool-1 - Shutdown initiated...
2025-10-26 18:19:49 INFO  com.zaxxer.hikari.HikariDataSource - HikariPool-1 - Shutdown completed.
2025-10-26 18:19:50 INFO  com.policyhub.PolicyHubApplication - Starting PolicyHubApplication using Java 21.0.7 with PID 41948 (C:\Users\2440769\OneDrive - Cognizant\Desktop\InsuranceProject\PolicyHub\target\classes started by 2440769 in C:\Users\2440769\OneDrive - Cognizant\Desktop\InsuranceProject\PolicyHub)
2025-10-26 18:19:50 INFO  com.policyhub.PolicyHubApplication - No active profile set, falling back to 1 default profile: "default"
2025-10-26 18:19:51 INFO  o.s.d.r.c.RepositoryConfigurationDelegate - Bootstrapping Spring Data JPA repositories in DEFAULT mode.
2025-10-26 18:19:51 INFO  o.s.d.r.c.RepositoryConfigurationDelegate - Finished Spring Data repository scanning in 19 ms. Found 5 JPA repository interfaces.
2025-10-26 18:19:51 INFO  o.s.b.w.e.tomcat.TomcatWebServer - Tomcat initialized with port 8082 (http)
2025-10-26 18:19:51 INFO  o.a.catalina.core.StandardService - Starting service [Tomcat]
2025-10-26 18:19:51 INFO  o.a.catalina.core.StandardEngine - Starting Servlet engine: [Apache Tomcat/10.1.46]
2025-10-26 18:19:51 INFO  o.a.c.c.C.[Tomcat].[localhost].[/] - Initializing Spring embedded WebApplicationContext
2025-10-26 18:19:51 INFO  o.s.b.w.s.c.ServletWebServerApplicationContext - Root WebApplicationContext: initialization completed in 1923 ms
2025-10-26 18:19:52 INFO  o.h.jpa.internal.util.LogHelper - HHH000204: Processing PersistenceUnitInfo [name: default]
2025-10-26 18:19:52 INFO  o.h.c.i.RegionFactoryInitiator - HHH000026: Second-level cache disabled
2025-10-26 18:19:52 INFO  o.s.o.j.p.SpringPersistenceUnitInfo - No LoadTimeWeaver setup: ignoring JPA class transformer
2025-10-26 18:19:52 INFO  com.zaxxer.hikari.HikariDataSource - HikariPool-2 - Starting...
2025-10-26 18:19:52 INFO  com.zaxxer.hikari.pool.HikariPool - HikariPool-2 - Added connection com.mysql.cj.jdbc.ConnectionImpl@e85caea
2025-10-26 18:19:52 INFO  com.zaxxer.hikari.HikariDataSource - HikariPool-2 - Start completed.
2025-10-26 18:19:52 INFO  o.hibernate.orm.connections.pooling - HHH10001005: Database info:
	Database JDBC URL [Connecting through datasource 'HikariDataSource (HikariPool-2)']
	Database driver: undefined/unknown
	Database version: 8.0.43
	Autocommit mode: undefined/unknown
	Isolation level: undefined/unknown
	Minimum pool size: undefined/unknown
	Maximum pool size: undefined/unknown
2025-10-26 18:19:52 INFO  o.h.e.t.j.p.i.JtaPlatformInitiator - HHH000489: No JTA platform available (set 'hibernate.transaction.jta.platform' to enable JTA platform integration)
2025-10-26 18:19:52 INFO  o.s.o.j.LocalContainerEntityManagerFactoryBean - Initialized JPA EntityManagerFactory for persistence unit 'default'
2025-10-26 18:19:52 WARN  o.s.b.a.o.j.JpaBaseConfiguration$JpaWebConfiguration - spring.jpa.open-in-view is enabled by default. Therefore, database queries may be performed during view rendering. Explicitly configure spring.jpa.open-in-view to disable this warning
2025-10-26 18:19:52 INFO  o.s.b.d.a.OptionalLiveReloadServer - LiveReload server is running on port 35729
2025-10-26 18:19:52 INFO  o.s.b.w.e.tomcat.TomcatWebServer - Tomcat started on port 8082 (http) with context path '/'
2025-10-26 18:19:52 INFO  com.policyhub.PolicyHubApplication - Started PolicyHubApplication in 3.026 seconds (process running for 584.168)
2025-10-26 18:19:52 INFO  o.s.b.d.a.ConditionEvaluationDeltaLoggingListener - Condition evaluation unchanged
2025-10-26 18:30:34 WARN  com.zaxxer.hikari.pool.HikariPool - HikariPool-2 - Thread starvation or clock leap detected (housekeeper delta=3m41s914ms185µs800ns).
2025-10-26 18:31:15 INFO  o.a.c.c.C.[Tomcat].[localhost].[/] - Initializing Spring DispatcherServlet 'dispatcherServlet'
2025-10-26 18:31:15 INFO  o.s.web.servlet.DispatcherServlet - Initializing Servlet 'dispatcherServlet'
2025-10-26 18:31:15 INFO  o.s.web.servlet.DispatcherServlet - Completed initialization in 11 ms
2025-10-26 18:31:16 WARN  com.policyhub.service.UserService - Username already exists
2025-10-26 18:33:39 WARN  com.policyhub.service.UserService - Username already exists
2025-10-26 18:34:58 WARN  com.policyhub.service.UserService - Username already exists
2025-10-26 18:36:51 WARN  com.policyhub.service.UserService - Username already exists
2025-10-26 18:38:00 WARN  com.policyhub.service.UserService - Username already exists
2025-10-26 18:43:02 WARN  com.policyhub.service.UserService - Username already exists
2025-10-26 18:43:57 WARN  com.policyhub.service.UserService - Username already exists
2025-10-26 18:44:20 WARN  com.policyhub.service.UserService - Username already exists
2025-10-26 18:45:40 WARN  com.policyhub.service.UserService - Username already exists
2025-10-26 18:47:17 WARN  com.policyhub.service.UserService - Username already exists
2025-10-26 18:50:12 WARN  com.policyhub.service.UserService - Username already exists
2025-10-26 18:50:46 WARN  com.policyhub.service.UserService - Username already exists
2025-10-26 18:53:57 WARN  com.policyhub.service.UserService - Username already exists
2025-10-26 18:54:59 WARN  o.s.w.s.m.s.DefaultHandlerExceptionResolver - Resolved [org.springframework.web.HttpMediaTypeNotSupportedException: Content-Type 'application/text;charset=UTF-8' is not supported]
2025-10-26 18:55:56 WARN  com.policyhub.service.UserService - Username already exists
2025-10-26 18:58:39 WARN  com.policyhub.service.UserService - Username already exists
2025-10-26 19:00:07 WARN  com.policyhub.service.UserService - Username already exists
2025-10-26 19:05:16 INFO  o.s.b.d.a.LocalDevToolsAutoConfiguration$RestartingClassPathChangeChangedEventListener - Restarting due to 1 class path change (0 additions, 0 deletions, 1 modification)
2025-10-26 19:05:16 INFO  o.s.b.w.e.tomcat.GracefulShutdown - Commencing graceful shutdown. Waiting for active requests to complete
2025-10-26 19:05:16 INFO  o.s.b.w.e.tomcat.GracefulShutdown - Graceful shutdown complete
2025-10-26 19:05:16 INFO  o.s.o.j.LocalContainerEntityManagerFactoryBean - Closing JPA EntityManagerFactory for persistence unit 'default'
2025-10-26 19:05:16 INFO  com.zaxxer.hikari.HikariDataSource - HikariPool-2 - Shutdown initiated...
2025-10-26 19:05:16 INFO  com.zaxxer.hikari.HikariDataSource - HikariPool-2 - Shutdown completed.
2025-10-26 19:05:17 INFO  com.policyhub.PolicyHubApplication - Starting PolicyHubApplication using Java 21.0.7 with PID 41948 (C:\Users\2440769\OneDrive - Cognizant\Desktop\InsuranceProject\PolicyHub\target\classes started by 2440769 in C:\Users\2440769\OneDrive - Cognizant\Desktop\InsuranceProject\PolicyHub)
2025-10-26 19:05:17 INFO  com.policyhub.PolicyHubApplication - No active profile set, falling back to 1 default profile: "default"
2025-10-26 19:05:18 INFO  o.s.d.r.c.RepositoryConfigurationDelegate - Bootstrapping Spring Data JPA repositories in DEFAULT mode.
2025-10-26 19:05:18 INFO  o.s.d.r.c.RepositoryConfigurationDelegate - Finished Spring Data repository scanning in 21 ms. Found 5 JPA repository interfaces.
2025-10-26 19:05:18 INFO  o.s.b.w.e.tomcat.TomcatWebServer - Tomcat initialized with port 8082 (http)
2025-10-26 19:05:18 INFO  o.a.catalina.core.StandardService - Starting service [Tomcat]
2025-10-26 19:05:18 INFO  o.a.catalina.core.StandardEngine - Starting Servlet engine: [Apache Tomcat/10.1.46]
2025-10-26 19:05:18 INFO  o.a.c.c.C.[Tomcat].[localhost].[/] - Initializing Spring embedded WebApplicationContext
2025-10-26 19:05:18 INFO  o.s.b.w.s.c.ServletWebServerApplicationContext - Root WebApplicationContext: initialization completed in 1686 ms
2025-10-26 19:05:18 INFO  o.h.jpa.internal.util.LogHelper - HHH000204: Processing PersistenceUnitInfo [name: default]
2025-10-26 19:05:18 INFO  o.h.c.i.RegionFactoryInitiator - HHH000026: Second-level cache disabled
2025-10-26 19:05:18 INFO  o.s.o.j.p.SpringPersistenceUnitInfo - No LoadTimeWeaver setup: ignoring JPA class transformer
2025-10-26 19:05:18 INFO  com.zaxxer.hikari.HikariDataSource - HikariPool-3 - Starting...
2025-10-26 19:05:18 INFO  com.zaxxer.hikari.pool.HikariPool - HikariPool-3 - Added connection com.mysql.cj.jdbc.ConnectionImpl@25807be2
2025-10-26 19:05:18 INFO  com.zaxxer.hikari.HikariDataSource - HikariPool-3 - Start completed.
2025-10-26 19:05:18 INFO  o.hibernate.orm.connections.pooling - HHH10001005: Database info:
	Database JDBC URL [Connecting through datasource 'HikariDataSource (HikariPool-3)']
	Database driver: undefined/unknown
	Database version: 8.0.43
	Autocommit mode: undefined/unknown
	Isolation level: undefined/unknown
	Minimum pool size: undefined/unknown
	Maximum pool size: undefined/unknown
2025-10-26 19:05:19 INFO  o.h.e.t.j.p.i.JtaPlatformInitiator - HHH000489: No JTA platform available (set 'hibernate.transaction.jta.platform' to enable JTA platform integration)
2025-10-26 19:05:19 INFO  o.s.o.j.LocalContainerEntityManagerFactoryBean - Initialized JPA EntityManagerFactory for persistence unit 'default'
2025-10-26 19:05:19 WARN  o.s.b.a.o.j.JpaBaseConfiguration$JpaWebConfiguration - spring.jpa.open-in-view is enabled by default. Therefore, database queries may be performed during view rendering. Explicitly configure spring.jpa.open-in-view to disable this warning
2025-10-26 19:05:19 INFO  o.s.b.d.a.OptionalLiveReloadServer - LiveReload server is running on port 35729
2025-10-26 19:05:19 INFO  o.s.b.w.e.tomcat.TomcatWebServer - Tomcat started on port 8082 (http) with context path '/'
2025-10-26 19:05:19 INFO  com.policyhub.PolicyHubApplication - Started PolicyHubApplication in 2.504 seconds (process running for 3310.769)
2025-10-26 19:05:19 INFO  o.s.b.d.a.ConditionEvaluationDeltaLoggingListener - Condition evaluation unchanged
2025-10-26 19:06:14 INFO  o.a.c.c.C.[Tomcat].[localhost].[/] - Initializing Spring DispatcherServlet 'dispatcherServlet'
2025-10-26 19:06:14 INFO  o.s.web.servlet.DispatcherServlet - Initializing Servlet 'dispatcherServlet'
2025-10-26 19:06:14 INFO  o.s.web.servlet.DispatcherServlet - Completed initialization in 1 ms
2025-10-26 19:06:15 WARN  com.policyhub.service.UserService - Username already exists
2025-10-26 19:07:21 WARN  com.policyhub.service.UserService - Username already exists
2025-10-26 19:08:01 WARN  com.policyhub.service.UserService - Username already exists
2025-10-26 19:09:09 WARN  o.s.w.s.m.s.DefaultHandlerExceptionResolver - Resolved [org.springframework.web.HttpRequestMethodNotSupportedException: Request method 'GET' is not supported]
2025-10-26 19:11:56 INFO  com.policyhub.service.UserService - User ayush2003 registered successfully
2025-10-26 19:11:56 INFO  c.policyhub.service.CustomerService - Creating new customer: Ayush
2025-10-26 19:12:07 INFO  c.p.controller.AuthController - Session Created
2025-10-26 19:12:18 INFO  c.policyhub.service.CustomerService - Customer 8 attempting to buy policy 4
2025-10-26 19:12:18 INFO  c.policyhub.service.CustomerService - Customer 8 successfully purchased policy 4
2025-10-26 19:13:17 INFO  c.p.controller.AuthController - Session closed
2025-10-26 19:13:26 INFO  c.p.controller.AuthController - Session Created
2025-10-26 19:13:58 INFO  c.p.controller.AuthController - Session closed
2025-10-26 19:14:16 INFO  o.s.b.a.SpringApplicationAdminMXBeanRegistrar$SpringApplicationAdmin - Application shutdown requested.
2025-10-26 19:14:16 INFO  o.s.b.w.e.tomcat.GracefulShutdown - Commencing graceful shutdown. Waiting for active requests to complete
2025-10-26 19:14:16 INFO  o.s.b.w.e.tomcat.GracefulShutdown - Graceful shutdown complete
2025-10-26 19:14:16 INFO  o.s.o.j.LocalContainerEntityManagerFactoryBean - Closing JPA EntityManagerFactory for persistence unit 'default'
2025-10-26 19:14:16 INFO  com.zaxxer.hikari.HikariDataSource - HikariPool-3 - Shutdown initiated...
2025-10-26 19:14:16 INFO  com.zaxxer.hikari.HikariDataSource - HikariPool-3 - Shutdown completed.
2025-10-26 19:15:32 INFO  com.policyhub.PolicyHubApplication - Starting PolicyHubApplication using Java 21.0.7 with PID 28620 (C:\Users\2440769\OneDrive - Cognizant\Desktop\InsuranceProject\PolicyHub\target\classes started by 2440769 in C:\Users\2440769\OneDrive - Cognizant\Desktop\InsuranceProject\PolicyHub)
2025-10-26 19:15:32 INFO  com.policyhub.PolicyHubApplication - No active profile set, falling back to 1 default profile: "default"
2025-10-26 19:15:32 INFO  o.s.b.d.e.DevToolsPropertyDefaultsPostProcessor - Devtools property defaults active! Set 'spring.devtools.add-properties' to 'false' to disable
2025-10-26 19:15:32 INFO  o.s.b.d.e.DevToolsPropertyDefaultsPostProcessor - For additional web related logging consider setting the 'logging.level.web' property to 'DEBUG'
2025-10-26 19:15:34 INFO  o.s.d.r.c.RepositoryConfigurationDelegate - Bootstrapping Spring Data JPA repositories in DEFAULT mode.
2025-10-26 19:15:34 INFO  o.s.d.r.c.RepositoryConfigurationDelegate - Finished Spring Data repository scanning in 167 ms. Found 5 JPA repository interfaces.
2025-10-26 19:15:35 INFO  o.s.b.w.e.tomcat.TomcatWebServer - Tomcat initialized with port 8082 (http)
2025-10-26 19:15:35 INFO  o.a.catalina.core.StandardService - Starting service [Tomcat]
2025-10-26 19:15:35 INFO  o.a.catalina.core.StandardEngine - Starting Servlet engine: [Apache Tomcat/10.1.46]
2025-10-26 19:15:35 INFO  o.a.c.c.C.[Tomcat].[localhost].[/] - Initializing Spring embedded WebApplicationContext
2025-10-26 19:15:35 INFO  o.s.b.w.s.c.ServletWebServerApplicationContext - Root WebApplicationContext: initialization completed in 3081 ms
2025-10-26 19:15:35 INFO  o.h.jpa.internal.util.LogHelper - HHH000204: Processing PersistenceUnitInfo [name: default]
2025-10-26 19:15:36 INFO  org.hibernate.Version - HHH000412: Hibernate ORM core version 6.6.29.Final
2025-10-26 19:15:36 INFO  o.h.c.i.RegionFactoryInitiator - HHH000026: Second-level cache disabled
2025-10-26 19:15:36 INFO  o.s.o.j.p.SpringPersistenceUnitInfo - No LoadTimeWeaver setup: ignoring JPA class transformer
2025-10-26 19:15:36 INFO  com.zaxxer.hikari.HikariDataSource - HikariPool-1 - Starting...
2025-10-26 19:15:37 INFO  com.zaxxer.hikari.pool.HikariPool - HikariPool-1 - Added connection com.mysql.cj.jdbc.ConnectionImpl@ebb68d8
2025-10-26 19:15:37 INFO  com.zaxxer.hikari.HikariDataSource - HikariPool-1 - Start completed.
2025-10-26 19:15:37 INFO  o.hibernate.orm.connections.pooling - HHH10001005: Database info:
	Database JDBC URL [Connecting through datasource 'HikariDataSource (HikariPool-1)']
	Database driver: undefined/unknown
	Database version: 8.0.43
	Autocommit mode: undefined/unknown
	Isolation level: undefined/unknown
	Minimum pool size: undefined/unknown
	Maximum pool size: undefined/unknown
2025-10-26 19:15:38 INFO  o.h.e.t.j.p.i.JtaPlatformInitiator - HHH000489: No JTA platform available (set 'hibernate.transaction.jta.platform' to enable JTA platform integration)
2025-10-26 19:15:39 INFO  o.s.o.j.LocalContainerEntityManagerFactoryBean - Initialized JPA EntityManagerFactory for persistence unit 'default'
2025-10-26 19:15:39 WARN  o.s.b.a.o.j.JpaBaseConfiguration$JpaWebConfiguration - spring.jpa.open-in-view is enabled by default. Therefore, database queries may be performed during view rendering. Explicitly configure spring.jpa.open-in-view to disable this warning
2025-10-26 19:15:40 INFO  o.s.b.d.a.OptionalLiveReloadServer - LiveReload server is running on port 35729
2025-10-26 19:15:40 INFO  o.s.b.w.e.tomcat.TomcatWebServer - Tomcat started on port 8082 (http) with context path '/'
2025-10-26 19:15:40 INFO  com.policyhub.PolicyHubApplication - Started PolicyHubApplication in 9.633 seconds (process running for 11.702)
2025-10-26 19:16:52 INFO  o.a.c.c.C.[Tomcat].[localhost].[/] - Initializing Spring DispatcherServlet 'dispatcherServlet'
2025-10-26 19:16:52 INFO  o.s.web.servlet.DispatcherServlet - Initializing Servlet 'dispatcherServlet'
2025-10-26 19:16:52 INFO  o.s.web.servlet.DispatcherServlet - Completed initialization in 0 ms
